<?xml version="1.0" encoding="UTF-8"?>
<testsuite name="com.parcel.configclient.ConfigClientApplicationTests" tests="1" skipped="0" failures="0" errors="0" timestamp="2023-12-05T13:11:48" hostname="kuba-KPL-W0X" time="1.184">
  <properties/>
  <testcase name="contextLoads()" classname="com.parcel.configclient.ConfigClientApplicationTests" time="1.184"/>
  <system-out><![CDATA[14:11:43.341 [Test worker] INFO org.springframework.test.context.support.AnnotationConfigContextLoaderUtils -- Could not detect default configuration classes for test class [com.parcel.configclient.ConfigClientApplicationTests]: ConfigClientApplicationTests does not declare any static, non-private, non-final, nested classes annotated with @Configuration.
14:11:43.539 [Test worker] INFO org.springframework.boot.test.context.SpringBootTestContextBootstrapper -- Found @SpringBootConfiguration com.parcel.configclient.ConfigClientApplication for test class com.parcel.configclient.ConfigClientApplicationTests

  .   ____          _            __ _ _
 /\\ / ___'_ __ _ _(_)_ __  __ _ \ \ \ \
( ( )\___ | '_ | '_| | '_ \/ _` | \ \ \ \
 \\/  ___)| |_)| | | | | || (_| |  ) ) ) )
  '  |____| .__|_| |_|_| |_\__, | / / / /
 =========|_|==============|___/=/_/_/_/
 :: Spring Boot ::                (v3.2.0)

2023-12-05T14:11:44.982+01:00  INFO 16771 --- [    Test worker] c.p.c.ConfigClientApplicationTests       : Starting ConfigClientApplicationTests using Java 17.0.8.1 with PID 16771 (started by kuba in /home/kuba/Documents/sem5/PIS/PIS/config-client)
2023-12-05T14:11:44.985+01:00  INFO 16771 --- [    Test worker] c.p.c.ConfigClientApplicationTests       : No active profile set, falling back to 1 default profile: "default"
2023-12-05T14:11:45.052+01:00  INFO 16771 --- [    Test worker] o.s.c.c.c.ConfigServerConfigDataLoader   : Fetching config from server at : http://localhost:8888
2023-12-05T14:11:45.053+01:00  INFO 16771 --- [    Test worker] o.s.c.c.c.ConfigServerConfigDataLoader   : Located environment: name=application, profiles=[default], label=null, version=null, state=null
2023-12-05T14:11:46.654+01:00  INFO 16771 --- [    Test worker] o.s.cloud.context.scope.GenericScope     : BeanFactory id=6edf4e37-8fa0-3ba7-acfc-f0b2580fe0e0
2023-12-05T14:11:48.040+01:00  INFO 16771 --- [    Test worker] o.s.b.a.e.web.EndpointLinksResolver      : Exposing 1 endpoint(s) beneath base path '/actuator'
2023-12-05T14:11:48.153+01:00  INFO 16771 --- [    Test worker] c.p.c.ConfigClientApplicationTests       : Started ConfigClientApplicationTests in 4.378 seconds (process running for 6.339)
]]></system-out>
  <system-err><![CDATA[]]></system-err>
</testsuite>
